This file contains any messages produced by compilers while
running configure, to aid debugging if configure makes a mistake.

It was created by configure, which was
generated by GNU Autoconf 2.69.  Invocation command line was

  $ ./configure 

## --------- ##
## Platform. ##
## --------- ##

hostname = jorge
uname -m = x86_64
uname -r = 3.13.0-24-generic
uname -s = Linux
uname -v = #47-Ubuntu SMP Fri May 2 23:30:00 UTC 2014

/usr/bin/uname -p = unknown
/bin/uname -X     = unknown

/bin/arch              = unknown
/usr/bin/arch -k       = unknown
/usr/convex/getsysinfo = unknown
/usr/bin/hostinfo      = unknown
/bin/machine           = unknown
/usr/bin/oslevel       = unknown
/bin/universe          = unknown

PATH: /usr/local/sbin
PATH: /usr/local/bin
PATH: /usr/sbin
PATH: /usr/bin
PATH: /sbin
PATH: /bin
PATH: /usr/games
PATH: /usr/local/games
PATH: ~/dev/android-sdk/platform-tools


## ----------- ##
## Core tests. ##
## ----------- ##

configure:2273: checking build system type
configure:2287: result: x86_64-unknown-linux-gnu
configure:2307: checking host system type
configure:2320: result: x86_64-unknown-linux-gnu
configure:2390: checking for gcc
configure:2406: found /usr/bin/gcc
configure:2417: result: gcc
configure:2646: checking for C compiler version
configure:2655: gcc --version >&5
gcc (Ubuntu 4.9.2-0ubuntu1~14.04) 4.9.2
Copyright (C) 2014 Free Software Foundation, Inc.
This is free software; see the source for copying conditions.  There is NO
warranty; not even for MERCHANTABILITY or FITNESS FOR A PARTICULAR PURPOSE.

configure:2666: $? = 0
configure:2655: gcc -v >&5
Using built-in specs.
COLLECT_GCC=gcc
COLLECT_LTO_WRAPPER=/usr/lib/gcc/x86_64-linux-gnu/4.9/lto-wrapper
Target: x86_64-linux-gnu
Configured with: ../src/configure -v --with-pkgversion='Ubuntu 4.9.2-0ubuntu1~14.04' --with-bugurl=file:///usr/share/doc/gcc-4.9/README.Bugs --enable-languages=c,c++,java,go,d,fortran,objc,obj-c++ --prefix=/usr --program-suffix=-4.9 --enable-shared --enable-linker-build-id --libexecdir=/usr/lib --without-included-gettext --enable-threads=posix --with-gxx-include-dir=/usr/include/c++/4.9 --libdir=/usr/lib --enable-nls --with-sysroot=/ --enable-clocale=gnu --enable-libstdcxx-debug --enable-libstdcxx-time=yes --enable-gnu-unique-object --disable-vtable-verify --enable-plugin --with-system-zlib --disable-browser-plugin --enable-java-awt=gtk --enable-gtk-cairo --with-java-home=/usr/lib/jvm/java-1.5.0-gcj-4.9-amd64/jre --enable-java-home --with-jvm-root-dir=/usr/lib/jvm/java-1.5.0-gcj-4.9-amd64 --with-jvm-jar-dir=/usr/lib/jvm-exports/java-1.5.0-gcj-4.9-amd64 --with-arch-directory=amd64 --with-ecj-jar=/usr/share/java/eclipse-ecj.jar --enable-objc-gc --enable-multiarch --disable-werror --with-arch-32=i686 --with-abi=m64 --with-multilib-list=m32,m64,mx32 --enable-multilib --with-tune=generic --enable-checking=release --build=x86_64-linux-gnu --host=x86_64-linux-gnu --target=x86_64-linux-gnu
Thread model: posix
gcc version 4.9.2 (Ubuntu 4.9.2-0ubuntu1~14.04) 
configure:2666: $? = 0
configure:2655: gcc -V >&5
gcc: error: unrecognized command line option '-V'
gcc: fatal error: no input files
compilation terminated.
configure:2666: $? = 4
configure:2655: gcc -qversion >&5
gcc: error: unrecognized command line option '-qversion'
gcc: fatal error: no input files
compilation terminated.
configure:2666: $? = 4
configure:2686: checking whether the C compiler works
configure:2708: gcc    conftest.c  >&5
configure:2712: $? = 0
configure:2760: result: yes
configure:2763: checking for C compiler default output file name
configure:2765: result: a.out
configure:2771: checking for suffix of executables
configure:2778: gcc -o conftest    conftest.c  >&5
configure:2782: $? = 0
configure:2804: result: 
configure:2826: checking whether we are cross compiling
configure:2834: gcc -o conftest    conftest.c  >&5
configure:2838: $? = 0
configure:2845: ./conftest
configure:2849: $? = 0
configure:2864: result: no
configure:2869: checking for suffix of object files
configure:2891: gcc -c   conftest.c >&5
configure:2895: $? = 0
configure:2916: result: o
configure:2920: checking whether we are using the GNU C compiler
configure:2939: gcc -c   conftest.c >&5
configure:2939: $? = 0
configure:2948: result: yes
configure:2957: checking whether gcc accepts -g
configure:2977: gcc -c -g  conftest.c >&5
configure:2977: $? = 0
configure:3018: result: yes
configure:3035: checking for gcc option to accept ISO C89
configure:3098: gcc  -c -g -O2  conftest.c >&5
configure:3098: $? = 0
configure:3111: result: none needed
configure:3189: checking for g++
configure:3205: found /usr/bin/g++
configure:3216: result: g++
configure:3243: checking for C++ compiler version
configure:3252: g++ --version >&5
g++ (Ubuntu 4.9.2-0ubuntu1~14.04) 4.9.2
Copyright (C) 2014 Free Software Foundation, Inc.
This is free software; see the source for copying conditions.  There is NO
warranty; not even for MERCHANTABILITY or FITNESS FOR A PARTICULAR PURPOSE.

configure:3263: $? = 0
configure:3252: g++ -v >&5
Using built-in specs.
COLLECT_GCC=g++
COLLECT_LTO_WRAPPER=/usr/lib/gcc/x86_64-linux-gnu/4.9/lto-wrapper
Target: x86_64-linux-gnu
Configured with: ../src/configure -v --with-pkgversion='Ubuntu 4.9.2-0ubuntu1~14.04' --with-bugurl=file:///usr/share/doc/gcc-4.9/README.Bugs --enable-languages=c,c++,java,go,d,fortran,objc,obj-c++ --prefix=/usr --program-suffix=-4.9 --enable-shared --enable-linker-build-id --libexecdir=/usr/lib --without-included-gettext --enable-threads=posix --with-gxx-include-dir=/usr/include/c++/4.9 --libdir=/usr/lib --enable-nls --with-sysroot=/ --enable-clocale=gnu --enable-libstdcxx-debug --enable-libstdcxx-time=yes --enable-gnu-unique-object --disable-vtable-verify --enable-plugin --with-system-zlib --disable-browser-plugin --enable-java-awt=gtk --enable-gtk-cairo --with-java-home=/usr/lib/jvm/java-1.5.0-gcj-4.9-amd64/jre --enable-java-home --with-jvm-root-dir=/usr/lib/jvm/java-1.5.0-gcj-4.9-amd64 --with-jvm-jar-dir=/usr/lib/jvm-exports/java-1.5.0-gcj-4.9-amd64 --with-arch-directory=amd64 --with-ecj-jar=/usr/share/java/eclipse-ecj.jar --enable-objc-gc --enable-multiarch --disable-werror --with-arch-32=i686 --with-abi=m64 --with-multilib-list=m32,m64,mx32 --enable-multilib --with-tune=generic --enable-checking=release --build=x86_64-linux-gnu --host=x86_64-linux-gnu --target=x86_64-linux-gnu
Thread model: posix
gcc version 4.9.2 (Ubuntu 4.9.2-0ubuntu1~14.04) 
configure:3263: $? = 0
configure:3252: g++ -V >&5
g++: error: unrecognized command line option '-V'
g++: fatal error: no input files
compilation terminated.
configure:3263: $? = 4
configure:3252: g++ -qversion >&5
g++: error: unrecognized command line option '-qversion'
g++: fatal error: no input files
compilation terminated.
configure:3263: $? = 4
configure:3267: checking whether we are using the GNU C++ compiler
configure:3286: g++ -c   conftest.cpp >&5
configure:3286: $? = 0
configure:3295: result: yes
configure:3304: checking whether g++ accepts -g
configure:3324: g++ -c -g  conftest.cpp >&5
configure:3324: $? = 0
configure:3365: result: yes
configure:3402: checking for a BSD-compatible install
configure:3470: result: /usr/bin/install -c
configure:3481: checking whether make sets $(MAKE)
configure:3503: result: yes
configure:3517: checking how to run the C preprocessor
configure:3548: gcc -E  conftest.c
configure:3548: $? = 0
configure:3562: gcc -E  conftest.c
conftest.c:9:28: fatal error: ac_nonexistent.h: No such file or directory
 #include <ac_nonexistent.h>
                            ^
compilation terminated.
configure:3562: $? = 1
configure: failed program was:
| /* confdefs.h */
| #define PACKAGE_NAME ""
| #define PACKAGE_TARNAME ""
| #define PACKAGE_VERSION ""
| #define PACKAGE_STRING ""
| #define PACKAGE_BUGREPORT ""
| #define PACKAGE_URL ""
| /* end confdefs.h.  */
| #include <ac_nonexistent.h>
configure:3587: result: gcc -E
configure:3607: gcc -E  conftest.c
configure:3607: $? = 0
configure:3621: gcc -E  conftest.c
conftest.c:9:28: fatal error: ac_nonexistent.h: No such file or directory
 #include <ac_nonexistent.h>
                            ^
compilation terminated.
configure:3621: $? = 1
configure: failed program was:
| /* confdefs.h */
| #define PACKAGE_NAME ""
| #define PACKAGE_TARNAME ""
| #define PACKAGE_VERSION ""
| #define PACKAGE_STRING ""
| #define PACKAGE_BUGREPORT ""
| #define PACKAGE_URL ""
| /* end confdefs.h.  */
| #include <ac_nonexistent.h>
configure:3654: checking for platform-specific compiler flags
configure:3789: result: none needed
configure:3920: checking for grep that handles long lines and -e
configure:3978: result: /bin/grep
configure:3983: checking for egrep
configure:4045: result: /bin/grep -E
configure:4050: checking for ANSI C header files
configure:4070: gcc -c -g -O2  conftest.c >&5
configure:4070: $? = 0
configure:4143: gcc -o conftest -g -O2   -rdynamic conftest.c  >&5
configure:4143: $? = 0
configure:4143: ./conftest
configure:4143: $? = 0
configure:4154: result: yes
configure:4167: checking for sys/types.h
configure:4167: gcc -c -g -O2  conftest.c >&5
configure:4167: $? = 0
configure:4167: result: yes
configure:4167: checking for sys/stat.h
configure:4167: gcc -c -g -O2  conftest.c >&5
configure:4167: $? = 0
configure:4167: result: yes
configure:4167: checking for stdlib.h
configure:4167: gcc -c -g -O2  conftest.c >&5
configure:4167: $? = 0
configure:4167: result: yes
configure:4167: checking for string.h
configure:4167: gcc -c -g -O2  conftest.c >&5
configure:4167: $? = 0
configure:4167: result: yes
configure:4167: checking for memory.h
configure:4167: gcc -c -g -O2  conftest.c >&5
configure:4167: $? = 0
configure:4167: result: yes
configure:4167: checking for strings.h
configure:4167: gcc -c -g -O2  conftest.c >&5
configure:4167: $? = 0
configure:4167: result: yes
configure:4167: checking for inttypes.h
configure:4167: gcc -c -g -O2  conftest.c >&5
configure:4167: $? = 0
configure:4167: result: yes
configure:4167: checking for stdint.h
configure:4167: gcc -c -g -O2  conftest.c >&5
configure:4167: $? = 0
configure:4167: result: yes
configure:4167: checking for unistd.h
configure:4167: gcc -c -g -O2  conftest.c >&5
configure:4167: $? = 0
configure:4167: result: yes
configure:4179: checking whether byte ordering is bigendian
configure:4194: gcc -c -g -O2  conftest.c >&5
conftest.c:26:9: error: unknown type name 'not'
         not a universal capable compiler
         ^
conftest.c:26:15: error: expected '=', ',', ';', 'asm' or '__attribute__' before 'universal'
         not a universal capable compiler
               ^
conftest.c:26:15: error: unknown type name 'universal'
configure:4194: $? = 1
configure: failed program was:
| /* confdefs.h */
| #define PACKAGE_NAME ""
| #define PACKAGE_TARNAME ""
| #define PACKAGE_VERSION ""
| #define PACKAGE_STRING ""
| #define PACKAGE_BUGREPORT ""
| #define PACKAGE_URL ""
| #define SYS_LINUX 1
| #define SYSCONF_LOC "/usr/local/etc"
| #define LOCALSTATE_DIR "/usr/local/var"
| #define BIN_LOC "/usr/local/bin"
| #define LIB_LOC "/usr/local/lib"
| #define DATA_LOC "/usr/local/share"
| #define STDC_HEADERS 1
| #define HAVE_SYS_TYPES_H 1
| #define HAVE_SYS_STAT_H 1
| #define HAVE_STDLIB_H 1
| #define HAVE_STRING_H 1
| #define HAVE_MEMORY_H 1
| #define HAVE_STRINGS_H 1
| #define HAVE_INTTYPES_H 1
| #define HAVE_STDINT_H 1
| #define HAVE_UNISTD_H 1
| /* end confdefs.h.  */
| #ifndef __APPLE_CC__
| 	       not a universal capable compiler
| 	     #endif
| 	     typedef int dummy;
| 
configure:4239: gcc -c -g -O2  conftest.c >&5
configure:4239: $? = 0
configure:4257: gcc -c -g -O2  conftest.c >&5
conftest.c: In function 'main':
conftest.c:32:4: error: unknown type name 'not'
    not big endian
    ^
conftest.c:32:12: error: expected '=', ',', ';', 'asm' or '__attribute__' before 'endian'
    not big endian
            ^
configure:4257: $? = 1
configure: failed program was:
| /* confdefs.h */
| #define PACKAGE_NAME ""
| #define PACKAGE_TARNAME ""
| #define PACKAGE_VERSION ""
| #define PACKAGE_STRING ""
| #define PACKAGE_BUGREPORT ""
| #define PACKAGE_URL ""
| #define SYS_LINUX 1
| #define SYSCONF_LOC "/usr/local/etc"
| #define LOCALSTATE_DIR "/usr/local/var"
| #define BIN_LOC "/usr/local/bin"
| #define LIB_LOC "/usr/local/lib"
| #define DATA_LOC "/usr/local/share"
| #define STDC_HEADERS 1
| #define HAVE_SYS_TYPES_H 1
| #define HAVE_SYS_STAT_H 1
| #define HAVE_STDLIB_H 1
| #define HAVE_STRING_H 1
| #define HAVE_MEMORY_H 1
| #define HAVE_STRINGS_H 1
| #define HAVE_INTTYPES_H 1
| #define HAVE_STDINT_H 1
| #define HAVE_UNISTD_H 1
| /* end confdefs.h.  */
| #include <sys/types.h>
| 		#include <sys/param.h>
| 
| int
| main ()
| {
| #if BYTE_ORDER != BIG_ENDIAN
| 		 not big endian
| 		#endif
| 
|   ;
|   return 0;
| }
configure:4385: result: no
configure:4408: checking errno.h usability
configure:4408: gcc -c -g -O2  conftest.c >&5
configure:4408: $? = 0
configure:4408: result: yes
configure:4408: checking errno.h presence
configure:4408: gcc -E  conftest.c
configure:4408: $? = 0
configure:4408: result: yes
configure:4408: checking for errno.h
configure:4408: result: yes
configure:4408: checking for stdlib.h
configure:4408: result: yes
configure:4408: checking for string.h
configure:4408: result: yes
configure:4408: checking sys/socket.h usability
configure:4408: gcc -c -g -O2  conftest.c >&5
configure:4408: $? = 0
configure:4408: result: yes
configure:4408: checking sys/socket.h presence
configure:4408: gcc -E  conftest.c
configure:4408: $? = 0
configure:4408: result: yes
configure:4408: checking for sys/socket.h
configure:4408: result: yes
configure:4408: checking sys/time.h usability
configure:4408: gcc -c -g -O2  conftest.c >&5
configure:4408: $? = 0
configure:4408: result: yes
configure:4408: checking sys/time.h presence
configure:4408: gcc -E  conftest.c
configure:4408: $? = 0
configure:4408: result: yes
configure:4408: checking for sys/time.h
configure:4408: result: yes
configure:4408: checking sys/wait.h usability
configure:4408: gcc -c -g -O2  conftest.c >&5
configure:4408: $? = 0
configure:4408: result: yes
configure:4408: checking sys/wait.h presence
configure:4408: gcc -E  conftest.c
configure:4408: $? = 0
configure:4408: result: yes
configure:4408: checking for sys/wait.h
configure:4408: result: yes
configure:4408: checking for unistd.h
configure:4408: result: yes
configure:4408: checking for sys/types.h
configure:4408: result: yes
configure:4408: checking netdb.h usability
configure:4408: gcc -c -g -O2  conftest.c >&5
configure:4408: $? = 0
configure:4408: result: yes
configure:4408: checking netdb.h presence
configure:4408: gcc -E  conftest.c
configure:4408: $? = 0
configure:4408: result: yes
configure:4408: checking for netdb.h
configure:4408: result: yes
configure:4425: checking getopt.h usability
configure:4425: gcc -c -g -O2  conftest.c >&5
configure:4425: $? = 0
configure:4425: result: yes
configure:4425: checking getopt.h presence
configure:4425: gcc -E  conftest.c
configure:4425: $? = 0
configure:4425: result: yes
configure:4425: checking for getopt.h
configure:4425: result: yes
configure:4437: checking for an ANSI C-conforming const
configure:4503: gcc -c -g -O2  conftest.c >&5
configure:4503: $? = 0
configure:4510: result: yes
configure:4518: checking whether time.h and sys/time.h may both be included
configure:4538: gcc -c -g -O2  conftest.c >&5
configure:4538: $? = 0
configure:4545: result: yes
configure:4553: checking whether struct tm is in sys/time.h or time.h
configure:4573: gcc -c -g -O2  conftest.c >&5
configure:4573: $? = 0
configure:4580: result: time.h
configure:4590: checking for ANSI C header files
configure:4694: result: yes
configure:4702: checking return type of signal handlers
configure:4720: gcc -c -g -O2  conftest.c >&5
conftest.c: In function 'main':
conftest.c:52:1: error: void value not ignored as it ought to be
 return *(signal (0, 0)) (0) == 1;
 ^
configure:4720: $? = 1
configure: failed program was:
| /* confdefs.h */
| #define PACKAGE_NAME ""
| #define PACKAGE_TARNAME ""
| #define PACKAGE_VERSION ""
| #define PACKAGE_STRING ""
| #define PACKAGE_BUGREPORT ""
| #define PACKAGE_URL ""
| #define SYS_LINUX 1
| #define SYSCONF_LOC "/usr/local/etc"
| #define LOCALSTATE_DIR "/usr/local/var"
| #define BIN_LOC "/usr/local/bin"
| #define LIB_LOC "/usr/local/lib"
| #define DATA_LOC "/usr/local/share"
| #define STDC_HEADERS 1
| #define HAVE_SYS_TYPES_H 1
| #define HAVE_SYS_STAT_H 1
| #define HAVE_STDLIB_H 1
| #define HAVE_STRING_H 1
| #define HAVE_MEMORY_H 1
| #define HAVE_STRINGS_H 1
| #define HAVE_INTTYPES_H 1
| #define HAVE_STDINT_H 1
| #define HAVE_UNISTD_H 1
| #define HAVE_ERRNO_H 1
| #define HAVE_SYSHEADERS 1
| #define HAVE_STDLIB_H 1
| #define HAVE_SYSHEADERS 1
| #define HAVE_STRING_H 1
| #define HAVE_SYSHEADERS 1
| #define HAVE_SYS_SOCKET_H 1
| #define HAVE_SYSHEADERS 1
| #define HAVE_SYS_TIME_H 1
| #define HAVE_SYSHEADERS 1
| #define HAVE_SYS_WAIT_H 1
| #define HAVE_SYSHEADERS 1
| #define HAVE_UNISTD_H 1
| #define HAVE_SYSHEADERS 1
| #define HAVE_SYS_TYPES_H 1
| #define HAVE_SYSHEADERS 1
| #define HAVE_NETDB_H 1
| #define HAVE_SYSHEADERS 1
| #define HAVE_GETOPT_H 1
| #define TIME_WITH_SYS_TIME 1
| #define STDC_HEADERS 1
| /* end confdefs.h.  */
| #include <sys/types.h>
| #include <signal.h>
| 
| int
| main ()
| {
| return *(signal (0, 0)) (0) == 1;
|   ;
|   return 0;
| }
configure:4727: result: void
configure:4735: checking whether lstat correctly handles trailing slash
configure:4761: gcc -o conftest -g -O2   -rdynamic conftest.c  >&5
configure:4761: $? = 0
configure:4761: ./conftest
configure:4761: $? = 0
configure:4778: result: yes
configure:4797: checking whether stat accepts an empty string
configure:4817: gcc -o conftest -g -O2   -rdynamic conftest.c  >&5
configure:4817: $? = 0
configure:4817: ./conftest
configure:4817: $? = 0
configure:4827: result: no
configure:4846: checking for gettimeofday
configure:4846: gcc -o conftest -g -O2   -rdynamic conftest.c  >&5
configure:4846: $? = 0
configure:4846: result: yes
configure:4846: checking for memset
configure:4846: gcc -o conftest -g -O2   -rdynamic conftest.c  >&5
conftest.c:72:6: warning: conflicting types for built-in function 'memset'
 char memset ();
      ^
configure:4846: $? = 0
configure:4846: result: yes
configure:4846: checking for select
configure:4846: gcc -o conftest -g -O2   -rdynamic conftest.c  >&5
configure:4846: $? = 0
configure:4846: result: yes
configure:4846: checking for socket
configure:4846: gcc -o conftest -g -O2   -rdynamic conftest.c  >&5
configure:4846: $? = 0
configure:4846: result: yes
configure:4846: checking for strcasecmp
configure:4846: gcc -o conftest -g -O2   -rdynamic conftest.c  >&5
conftest.c:75:6: warning: conflicting types for built-in function 'strcasecmp'
 char strcasecmp ();
      ^
configure:4846: $? = 0
configure:4846: result: yes
configure:4846: checking for strftime
configure:4846: gcc -o conftest -g -O2   -rdynamic conftest.c  >&5
conftest.c:76:6: warning: conflicting types for built-in function 'strftime'
 char strftime ();
      ^
configure:4846: $? = 0
configure:4846: result: yes
configure:4846: checking for strstr
configure:4846: gcc -o conftest -g -O2   -rdynamic conftest.c  >&5
conftest.c:77:6: warning: conflicting types for built-in function 'strstr'
 char strstr ();
      ^
configure:4846: $? = 0
configure:4846: result: yes
configure:4857: checking for system-level getopt_long()
configure:4889: gcc -o conftest -g -O2   -rdynamic conftest.c  >&5
configure:4889: $? = 0
configure:4897: result: yes
configure:4909: checking for stdint.h
configure:4909: result: yes
configure:4943: checking for accept() addrlen type
configure:4970: gcc -o conftest -Werror -g -O2   -rdynamic conftest.c  >&5
configure:4970: $? = 0
configure:4978: result: socklen_t
configure:4997: checking for special C compiler options needed for large files
configure:5042: result: no
configure:5048: checking for _FILE_OFFSET_BITS value needed for large files
configure:5073: gcc -c -g -O2  conftest.c >&5
configure:5073: $? = 0
configure:5105: result: no
configure:5193: checking for dlopen in -ldl
configure:5218: gcc -o conftest -g -O2   -rdynamic conftest.c -ldl   >&5
configure:5218: $? = 0
configure:5227: result: yes
configure:5257: checking for libm math function in std libs
configure:5279: gcc -o conftest -Werror -g -O2   -rdynamic conftest.c  -ldl >&5
/tmp/ccRJ4NRg.o: In function `main':
/home/johnover/dev/kismet/kismet-2013-03-R1b/conftest.c:67: undefined reference to `pow'
collect2: error: ld returned 1 exit status
configure:5279: $? = 1
configure: failed program was:
| /* confdefs.h */
| #define PACKAGE_NAME ""
| #define PACKAGE_TARNAME ""
| #define PACKAGE_VERSION ""
| #define PACKAGE_STRING ""
| #define PACKAGE_BUGREPORT ""
| #define PACKAGE_URL ""
| #define SYS_LINUX 1
| #define SYSCONF_LOC "/usr/local/etc"
| #define LOCALSTATE_DIR "/usr/local/var"
| #define BIN_LOC "/usr/local/bin"
| #define LIB_LOC "/usr/local/lib"
| #define DATA_LOC "/usr/local/share"
| #define STDC_HEADERS 1
| #define HAVE_SYS_TYPES_H 1
| #define HAVE_SYS_STAT_H 1
| #define HAVE_STDLIB_H 1
| #define HAVE_STRING_H 1
| #define HAVE_MEMORY_H 1
| #define HAVE_STRINGS_H 1
| #define HAVE_INTTYPES_H 1
| #define HAVE_STDINT_H 1
| #define HAVE_UNISTD_H 1
| #define HAVE_ERRNO_H 1
| #define HAVE_SYSHEADERS 1
| #define HAVE_STDLIB_H 1
| #define HAVE_SYSHEADERS 1
| #define HAVE_STRING_H 1
| #define HAVE_SYSHEADERS 1
| #define HAVE_SYS_SOCKET_H 1
| #define HAVE_SYSHEADERS 1
| #define HAVE_SYS_TIME_H 1
| #define HAVE_SYSHEADERS 1
| #define HAVE_SYS_WAIT_H 1
| #define HAVE_SYSHEADERS 1
| #define HAVE_UNISTD_H 1
| #define HAVE_SYSHEADERS 1
| #define HAVE_SYS_TYPES_H 1
| #define HAVE_SYSHEADERS 1
| #define HAVE_NETDB_H 1
| #define HAVE_SYSHEADERS 1
| #define HAVE_GETOPT_H 1
| #define TIME_WITH_SYS_TIME 1
| #define STDC_HEADERS 1
| #define RETSIGTYPE void
| #define LSTAT_FOLLOWS_SLASHED_SYMLINK 1
| #define HAVE_GETTIMEOFDAY 1
| #define HAVE_MEMSET 1
| #define HAVE_SELECT 1
| #define HAVE_SOCKET 1
| #define HAVE_STRCASECMP 1
| #define HAVE_STRFTIME 1
| #define HAVE_STRSTR 1
| #define HAVE_GETOPT_LONG 1
| #define HAVE_STDINT_H 1
| #define HAVE_SOCKLEN_T 1
| /* end confdefs.h.  */
| 
| 		#include <stdio.h>
| 		#include <math.h>
| 
| int
| main ()
| {
| 
| 		double x;
| 		pow(x, x);
| 		return 0;
| 
|   ;
|   return 0;
| }
configure:5288: result: no
configure:5291: checking for pow in -lm
configure:5316: gcc -o conftest -g -O2   -rdynamic conftest.c -lm   -ldl >&5
conftest.c:65:6: warning: conflicting types for built-in function 'pow'
 char pow ();
      ^
configure:5316: $? = 0
configure:5325: result: yes
configure:5342: checking for main in -luClibc++
configure:5361: g++ -o conftest -g -O2   -rdynamic conftest.c -luClibc++   -ldl -lm >&5
/usr/bin/ld: cannot find -luClibc++
collect2: error: ld returned 1 exit status
configure:5361: $? = 1
configure: failed program was:
| /* confdefs.h */
| #define PACKAGE_NAME ""
| #define PACKAGE_TARNAME ""
| #define PACKAGE_VERSION ""
| #define PACKAGE_STRING ""
| #define PACKAGE_BUGREPORT ""
| #define PACKAGE_URL ""
| #define SYS_LINUX 1
| #define SYSCONF_LOC "/usr/local/etc"
| #define LOCALSTATE_DIR "/usr/local/var"
| #define BIN_LOC "/usr/local/bin"
| #define LIB_LOC "/usr/local/lib"
| #define DATA_LOC "/usr/local/share"
| #define STDC_HEADERS 1
| #define HAVE_SYS_TYPES_H 1
| #define HAVE_SYS_STAT_H 1
| #define HAVE_STDLIB_H 1
| #define HAVE_STRING_H 1
| #define HAVE_MEMORY_H 1
| #define HAVE_STRINGS_H 1
| #define HAVE_INTTYPES_H 1
| #define HAVE_STDINT_H 1
| #define HAVE_UNISTD_H 1
| #define HAVE_ERRNO_H 1
| #define HAVE_SYSHEADERS 1
| #define HAVE_STDLIB_H 1
| #define HAVE_SYSHEADERS 1
| #define HAVE_STRING_H 1
| #define HAVE_SYSHEADERS 1
| #define HAVE_SYS_SOCKET_H 1
| #define HAVE_SYSHEADERS 1
| #define HAVE_SYS_TIME_H 1
| #define HAVE_SYSHEADERS 1
| #define HAVE_SYS_WAIT_H 1
| #define HAVE_SYSHEADERS 1
| #define HAVE_UNISTD_H 1
| #define HAVE_SYSHEADERS 1
| #define HAVE_SYS_TYPES_H 1
| #define HAVE_SYSHEADERS 1
| #define HAVE_NETDB_H 1
| #define HAVE_SYSHEADERS 1
| #define HAVE_GETOPT_H 1
| #define TIME_WITH_SYS_TIME 1
| #define STDC_HEADERS 1
| #define RETSIGTYPE void
| #define LSTAT_FOLLOWS_SLASHED_SYMLINK 1
| #define HAVE_GETTIMEOFDAY 1
| #define HAVE_MEMSET 1
| #define HAVE_SELECT 1
| #define HAVE_SOCKET 1
| #define HAVE_STRCASECMP 1
| #define HAVE_STRFTIME 1
| #define HAVE_STRSTR 1
| #define HAVE_GETOPT_LONG 1
| #define HAVE_STDINT_H 1
| #define HAVE_SOCKLEN_T 1
| /* end confdefs.h.  */
| 
| 
| int
| main ()
| {
| return main ();
|   ;
|   return 0;
| }
configure:5370: result: no
configure:5379: checking for main in -lstdc++
configure:5398: g++ -o conftest -g -O2   -rdynamic conftest.c -lstdc++   -ldl -lm >&5
configure:5398: $? = 0
configure:5407: result: yes
configure:5421: checking for group 'root'
configure:5428: result: yes
configure:5434: checking for group 'man'
configure:5466: checking for initscr in -lncurses
configure:5491: gcc -o conftest -g -O2  -I/usr/include/ncurses  -rdynamic conftest.c -lncurses   -ldl -lm >&5
configure:5491: $? = 0
configure:5500: result: yes
configure:5561: checking ncurses.h usability
configure:5561: gcc -c -g -O2  -I/usr/include/ncurses conftest.c >&5
configure:5561: $? = 0
configure:5561: result: yes
configure:5561: checking ncurses.h presence
configure:5561: gcc -E  -I/usr/include/ncurses conftest.c
configure:5561: $? = 0
configure:5561: result: yes
configure:5561: checking for ncurses.h
configure:5561: result: yes
configure:5581: checking for new_panel in -lpanel
configure:5606: gcc -o conftest -g -O2  -I/usr/include/ncurses  -rdynamic conftest.c -lpanel   -ldl -lm -lncurses >&5
configure:5606: $? = 0
configure:5615: result: yes
configure:5627: checking panel.h usability
configure:5627: gcc -c -g -O2  -I/usr/include/ncurses conftest.c >&5
configure:5627: $? = 0
configure:5627: result: yes
configure:5627: checking panel.h presence
configure:5627: gcc -E  -I/usr/include/ncurses conftest.c
configure:5627: $? = 0
configure:5627: result: yes
configure:5627: checking for panel.h
configure:5627: result: yes
configure:5651: checking for setproctitle
configure:5651: gcc -o conftest -g -O2  -I/usr/include/ncurses  -rdynamic conftest.c  -ldl -lm >&5
/tmp/ccRjNvVi.o: In function `main':
/home/johnover/dev/kismet/kismet-2013-03-R1b/conftest.c:94: undefined reference to `setproctitle'
collect2: error: ld returned 1 exit status
configure:5651: $? = 1
configure: failed program was:
| /* confdefs.h */
| #define PACKAGE_NAME ""
| #define PACKAGE_TARNAME ""
| #define PACKAGE_VERSION ""
| #define PACKAGE_STRING ""
| #define PACKAGE_BUGREPORT ""
| #define PACKAGE_URL ""
| #define SYS_LINUX 1
| #define SYSCONF_LOC "/usr/local/etc"
| #define LOCALSTATE_DIR "/usr/local/var"
| #define BIN_LOC "/usr/local/bin"
| #define LIB_LOC "/usr/local/lib"
| #define DATA_LOC "/usr/local/share"
| #define STDC_HEADERS 1
| #define HAVE_SYS_TYPES_H 1
| #define HAVE_SYS_STAT_H 1
| #define HAVE_STDLIB_H 1
| #define HAVE_STRING_H 1
| #define HAVE_MEMORY_H 1
| #define HAVE_STRINGS_H 1
| #define HAVE_INTTYPES_H 1
| #define HAVE_STDINT_H 1
| #define HAVE_UNISTD_H 1
| #define HAVE_ERRNO_H 1
| #define HAVE_SYSHEADERS 1
| #define HAVE_STDLIB_H 1
| #define HAVE_SYSHEADERS 1
| #define HAVE_STRING_H 1
| #define HAVE_SYSHEADERS 1
| #define HAVE_SYS_SOCKET_H 1
| #define HAVE_SYSHEADERS 1
| #define HAVE_SYS_TIME_H 1
| #define HAVE_SYSHEADERS 1
| #define HAVE_SYS_WAIT_H 1
| #define HAVE_SYSHEADERS 1
| #define HAVE_UNISTD_H 1
| #define HAVE_SYSHEADERS 1
| #define HAVE_SYS_TYPES_H 1
| #define HAVE_SYSHEADERS 1
| #define HAVE_NETDB_H 1
| #define HAVE_SYSHEADERS 1
| #define HAVE_GETOPT_H 1
| #define TIME_WITH_SYS_TIME 1
| #define STDC_HEADERS 1
| #define RETSIGTYPE void
| #define LSTAT_FOLLOWS_SLASHED_SYMLINK 1
| #define HAVE_GETTIMEOFDAY 1
| #define HAVE_MEMSET 1
| #define HAVE_SELECT 1
| #define HAVE_SOCKET 1
| #define HAVE_STRCASECMP 1
| #define HAVE_STRFTIME 1
| #define HAVE_STRSTR 1
| #define HAVE_GETOPT_LONG 1
| #define HAVE_STDINT_H 1
| #define HAVE_SOCKLEN_T 1
| #define HAVE_LIBNCURSES 1
| #define HAVE_LIBPANEL 1
| /* end confdefs.h.  */
| /* Define setproctitle to an innocuous variant, in case <limits.h> declares setproctitle.
|    For example, HP-UX 11i <limits.h> declares gettimeofday.  */
| #define setproctitle innocuous_setproctitle
| 
| /* System header to define __stub macros and hopefully few prototypes,
|     which can conflict with char setproctitle (); below.
|     Prefer <limits.h> to <assert.h> if __STDC__ is defined, since
|     <limits.h> exists even on freestanding compilers.  */
| 
| #ifdef __STDC__
| # include <limits.h>
| #else
| # include <assert.h>
| #endif
| 
| #undef setproctitle
| 
| /* Override any GCC internal prototype to avoid an error.
|    Use char because int might match the return type of a GCC
|    builtin and then its argument prototype would still apply.  */
| #ifdef __cplusplus
| extern "C"
| #endif
| char setproctitle ();
| /* The GNU C library defines this for functions which it implements
|     to always fail with ENOSYS.  Some functions are actually named
|     something starting with __ and the normal name is an alias.  */
| #if defined __stub_setproctitle || defined __stub___setproctitle
| choke me
| #endif
| 
| int
| main ()
| {
| return setproctitle ();
|   ;
|   return 0;
| }
configure:5651: result: no
configure:5662: checking libutil.h usability
configure:5662: gcc -c -g -O2  -I/usr/include/ncurses conftest.c >&5
conftest.c:93:21: fatal error: libutil.h: No such file or directory
 #include <libutil.h>
                     ^
compilation terminated.
configure:5662: $? = 1
configure: failed program was:
| /* confdefs.h */
| #define PACKAGE_NAME ""
| #define PACKAGE_TARNAME ""
| #define PACKAGE_VERSION ""
| #define PACKAGE_STRING ""
| #define PACKAGE_BUGREPORT ""
| #define PACKAGE_URL ""
| #define SYS_LINUX 1
| #define SYSCONF_LOC "/usr/local/etc"
| #define LOCALSTATE_DIR "/usr/local/var"
| #define BIN_LOC "/usr/local/bin"
| #define LIB_LOC "/usr/local/lib"
| #define DATA_LOC "/usr/local/share"
| #define STDC_HEADERS 1
| #define HAVE_SYS_TYPES_H 1
| #define HAVE_SYS_STAT_H 1
| #define HAVE_STDLIB_H 1
| #define HAVE_STRING_H 1
| #define HAVE_MEMORY_H 1
| #define HAVE_STRINGS_H 1
| #define HAVE_INTTYPES_H 1
| #define HAVE_STDINT_H 1
| #define HAVE_UNISTD_H 1
| #define HAVE_ERRNO_H 1
| #define HAVE_SYSHEADERS 1
| #define HAVE_STDLIB_H 1
| #define HAVE_SYSHEADERS 1
| #define HAVE_STRING_H 1
| #define HAVE_SYSHEADERS 1
| #define HAVE_SYS_SOCKET_H 1
| #define HAVE_SYSHEADERS 1
| #define HAVE_SYS_TIME_H 1
| #define HAVE_SYSHEADERS 1
| #define HAVE_SYS_WAIT_H 1
| #define HAVE_SYSHEADERS 1
| #define HAVE_UNISTD_H 1
| #define HAVE_SYSHEADERS 1
| #define HAVE_SYS_TYPES_H 1
| #define HAVE_SYSHEADERS 1
| #define HAVE_NETDB_H 1
| #define HAVE_SYSHEADERS 1
| #define HAVE_GETOPT_H 1
| #define TIME_WITH_SYS_TIME 1
| #define STDC_HEADERS 1
| #define RETSIGTYPE void
| #define LSTAT_FOLLOWS_SLASHED_SYMLINK 1
| #define HAVE_GETTIMEOFDAY 1
| #define HAVE_MEMSET 1
| #define HAVE_SELECT 1
| #define HAVE_SOCKET 1
| #define HAVE_STRCASECMP 1
| #define HAVE_STRFTIME 1
| #define HAVE_STRSTR 1
| #define HAVE_GETOPT_LONG 1
| #define HAVE_STDINT_H 1
| #define HAVE_SOCKLEN_T 1
| #define HAVE_LIBNCURSES 1
| #define HAVE_LIBPANEL 1
| /* end confdefs.h.  */
| #include <stdio.h>
| #ifdef HAVE_SYS_TYPES_H
| # include <sys/types.h>
| #endif
| #ifdef HAVE_SYS_STAT_H
| # include <sys/stat.h>
| #endif
| #ifdef STDC_HEADERS
| # include <stdlib.h>
| # include <stddef.h>
| #else
| # ifdef HAVE_STDLIB_H
| #  include <stdlib.h>
| # endif
| #endif
| #ifdef HAVE_STRING_H
| # if !defined STDC_HEADERS && defined HAVE_MEMORY_H
| #  include <memory.h>
| # endif
| # include <string.h>
| #endif
| #ifdef HAVE_STRINGS_H
| # include <strings.h>
| #endif
| #ifdef HAVE_INTTYPES_H
| # include <inttypes.h>
| #endif
| #ifdef HAVE_STDINT_H
| # include <stdint.h>
| #endif
| #ifdef HAVE_UNISTD_H
| # include <unistd.h>
| #endif
| #include <libutil.h>
configure:5662: result: no
configure:5662: checking libutil.h presence
configure:5662: gcc -E  -I/usr/include/ncurses conftest.c
conftest.c:60:21: fatal error: libutil.h: No such file or directory
 #include <libutil.h>
                     ^
compilation terminated.
configure:5662: $? = 1
configure: failed program was:
| /* confdefs.h */
| #define PACKAGE_NAME ""
| #define PACKAGE_TARNAME ""
| #define PACKAGE_VERSION ""
| #define PACKAGE_STRING ""
| #define PACKAGE_BUGREPORT ""
| #define PACKAGE_URL ""
| #define SYS_LINUX 1
| #define SYSCONF_LOC "/usr/local/etc"
| #define LOCALSTATE_DIR "/usr/local/var"
| #define BIN_LOC "/usr/local/bin"
| #define LIB_LOC "/usr/local/lib"
| #define DATA_LOC "/usr/local/share"
| #define STDC_HEADERS 1
| #define HAVE_SYS_TYPES_H 1
| #define HAVE_SYS_STAT_H 1
| #define HAVE_STDLIB_H 1
| #define HAVE_STRING_H 1
| #define HAVE_MEMORY_H 1
| #define HAVE_STRINGS_H 1
| #define HAVE_INTTYPES_H 1
| #define HAVE_STDINT_H 1
| #define HAVE_UNISTD_H 1
| #define HAVE_ERRNO_H 1
| #define HAVE_SYSHEADERS 1
| #define HAVE_STDLIB_H 1
| #define HAVE_SYSHEADERS 1
| #define HAVE_STRING_H 1
| #define HAVE_SYSHEADERS 1
| #define HAVE_SYS_SOCKET_H 1
| #define HAVE_SYSHEADERS 1
| #define HAVE_SYS_TIME_H 1
| #define HAVE_SYSHEADERS 1
| #define HAVE_SYS_WAIT_H 1
| #define HAVE_SYSHEADERS 1
| #define HAVE_UNISTD_H 1
| #define HAVE_SYSHEADERS 1
| #define HAVE_SYS_TYPES_H 1
| #define HAVE_SYSHEADERS 1
| #define HAVE_NETDB_H 1
| #define HAVE_SYSHEADERS 1
| #define HAVE_GETOPT_H 1
| #define TIME_WITH_SYS_TIME 1
| #define STDC_HEADERS 1
| #define RETSIGTYPE void
| #define LSTAT_FOLLOWS_SLASHED_SYMLINK 1
| #define HAVE_GETTIMEOFDAY 1
| #define HAVE_MEMSET 1
| #define HAVE_SELECT 1
| #define HAVE_SOCKET 1
| #define HAVE_STRCASECMP 1
| #define HAVE_STRFTIME 1
| #define HAVE_STRSTR 1
| #define HAVE_GETOPT_LONG 1
| #define HAVE_STDINT_H 1
| #define HAVE_SOCKLEN_T 1
| #define HAVE_LIBNCURSES 1
| #define HAVE_LIBPANEL 1
| /* end confdefs.h.  */
| #include <libutil.h>
configure:5662: result: no
configure:5662: checking for libutil.h
configure:5662: result: no
configure:5672: checking for setproctitle in -lutil
configure:5697: gcc -o conftest -g -O2  -I/usr/include/ncurses  -rdynamic conftest.c -lutil   -ldl -lm >&5
/tmp/ccKeSZ7w.o: In function `main':
/home/johnover/dev/kismet/kismet-2013-03-R1b/conftest.c:71: undefined reference to `setproctitle'
collect2: error: ld returned 1 exit status
configure:5697: $? = 1
configure: failed program was:
| /* confdefs.h */
| #define PACKAGE_NAME ""
| #define PACKAGE_TARNAME ""
| #define PACKAGE_VERSION ""
| #define PACKAGE_STRING ""
| #define PACKAGE_BUGREPORT ""
| #define PACKAGE_URL ""
| #define SYS_LINUX 1
| #define SYSCONF_LOC "/usr/local/etc"
| #define LOCALSTATE_DIR "/usr/local/var"
| #define BIN_LOC "/usr/local/bin"
| #define LIB_LOC "/usr/local/lib"
| #define DATA_LOC "/usr/local/share"
| #define STDC_HEADERS 1
| #define HAVE_SYS_TYPES_H 1
| #define HAVE_SYS_STAT_H 1
| #define HAVE_STDLIB_H 1
| #define HAVE_STRING_H 1
| #define HAVE_MEMORY_H 1
| #define HAVE_STRINGS_H 1
| #define HAVE_INTTYPES_H 1
| #define HAVE_STDINT_H 1
| #define HAVE_UNISTD_H 1
| #define HAVE_ERRNO_H 1
| #define HAVE_SYSHEADERS 1
| #define HAVE_STDLIB_H 1
| #define HAVE_SYSHEADERS 1
| #define HAVE_STRING_H 1
| #define HAVE_SYSHEADERS 1
| #define HAVE_SYS_SOCKET_H 1
| #define HAVE_SYSHEADERS 1
| #define HAVE_SYS_TIME_H 1
| #define HAVE_SYSHEADERS 1
| #define HAVE_SYS_WAIT_H 1
| #define HAVE_SYSHEADERS 1
| #define HAVE_UNISTD_H 1
| #define HAVE_SYSHEADERS 1
| #define HAVE_SYS_TYPES_H 1
| #define HAVE_SYSHEADERS 1
| #define HAVE_NETDB_H 1
| #define HAVE_SYSHEADERS 1
| #define HAVE_GETOPT_H 1
| #define TIME_WITH_SYS_TIME 1
| #define STDC_HEADERS 1
| #define RETSIGTYPE void
| #define LSTAT_FOLLOWS_SLASHED_SYMLINK 1
| #define HAVE_GETTIMEOFDAY 1
| #define HAVE_MEMSET 1
| #define HAVE_SELECT 1
| #define HAVE_SOCKET 1
| #define HAVE_STRCASECMP 1
| #define HAVE_STRFTIME 1
| #define HAVE_STRSTR 1
| #define HAVE_GETOPT_LONG 1
| #define HAVE_STDINT_H 1
| #define HAVE_SOCKLEN_T 1
| #define HAVE_LIBNCURSES 1
| #define HAVE_LIBPANEL 1
| /* end confdefs.h.  */
| 
| /* Override any GCC internal prototype to avoid an error.
|    Use char because int might match the return type of a GCC
|    builtin and then its argument prototype would still apply.  */
| #ifdef __cplusplus
| extern "C"
| #endif
| char setproctitle ();
| int
| main ()
| {
| return setproctitle ();
|   ;
|   return 0;
| }
configure:5706: result: no
configure:5723: checking sys/pstat.h usability
configure:5723: gcc -c -g -O2  -I/usr/include/ncurses conftest.c >&5
conftest.c:93:23: fatal error: sys/pstat.h: No such file or directory
 #include <sys/pstat.h>
                       ^
compilation terminated.
configure:5723: $? = 1
configure: failed program was:
| /* confdefs.h */
| #define PACKAGE_NAME ""
| #define PACKAGE_TARNAME ""
| #define PACKAGE_VERSION ""
| #define PACKAGE_STRING ""
| #define PACKAGE_BUGREPORT ""
| #define PACKAGE_URL ""
| #define SYS_LINUX 1
| #define SYSCONF_LOC "/usr/local/etc"
| #define LOCALSTATE_DIR "/usr/local/var"
| #define BIN_LOC "/usr/local/bin"
| #define LIB_LOC "/usr/local/lib"
| #define DATA_LOC "/usr/local/share"
| #define STDC_HEADERS 1
| #define HAVE_SYS_TYPES_H 1
| #define HAVE_SYS_STAT_H 1
| #define HAVE_STDLIB_H 1
| #define HAVE_STRING_H 1
| #define HAVE_MEMORY_H 1
| #define HAVE_STRINGS_H 1
| #define HAVE_INTTYPES_H 1
| #define HAVE_STDINT_H 1
| #define HAVE_UNISTD_H 1
| #define HAVE_ERRNO_H 1
| #define HAVE_SYSHEADERS 1
| #define HAVE_STDLIB_H 1
| #define HAVE_SYSHEADERS 1
| #define HAVE_STRING_H 1
| #define HAVE_SYSHEADERS 1
| #define HAVE_SYS_SOCKET_H 1
| #define HAVE_SYSHEADERS 1
| #define HAVE_SYS_TIME_H 1
| #define HAVE_SYSHEADERS 1
| #define HAVE_SYS_WAIT_H 1
| #define HAVE_SYSHEADERS 1
| #define HAVE_UNISTD_H 1
| #define HAVE_SYSHEADERS 1
| #define HAVE_SYS_TYPES_H 1
| #define HAVE_SYSHEADERS 1
| #define HAVE_NETDB_H 1
| #define HAVE_SYSHEADERS 1
| #define HAVE_GETOPT_H 1
| #define TIME_WITH_SYS_TIME 1
| #define STDC_HEADERS 1
| #define RETSIGTYPE void
| #define LSTAT_FOLLOWS_SLASHED_SYMLINK 1
| #define HAVE_GETTIMEOFDAY 1
| #define HAVE_MEMSET 1
| #define HAVE_SELECT 1
| #define HAVE_SOCKET 1
| #define HAVE_STRCASECMP 1
| #define HAVE_STRFTIME 1
| #define HAVE_STRSTR 1
| #define HAVE_GETOPT_LONG 1
| #define HAVE_STDINT_H 1
| #define HAVE_SOCKLEN_T 1
| #define HAVE_LIBNCURSES 1
| #define HAVE_LIBPANEL 1
| /* end confdefs.h.  */
| #include <stdio.h>
| #ifdef HAVE_SYS_TYPES_H
| # include <sys/types.h>
| #endif
| #ifdef HAVE_SYS_STAT_H
| # include <sys/stat.h>
| #endif
| #ifdef STDC_HEADERS
| # include <stdlib.h>
| # include <stddef.h>
| #else
| # ifdef HAVE_STDLIB_H
| #  include <stdlib.h>
| # endif
| #endif
| #ifdef HAVE_STRING_H
| # if !defined STDC_HEADERS && defined HAVE_MEMORY_H
| #  include <memory.h>
| # endif
| # include <string.h>
| #endif
| #ifdef HAVE_STRINGS_H
| # include <strings.h>
| #endif
| #ifdef HAVE_INTTYPES_H
| # include <inttypes.h>
| #endif
| #ifdef HAVE_STDINT_H
| # include <stdint.h>
| #endif
| #ifdef HAVE_UNISTD_H
| # include <unistd.h>
| #endif
| #include <sys/pstat.h>
configure:5723: result: no
configure:5723: checking sys/pstat.h presence
configure:5723: gcc -E  -I/usr/include/ncurses conftest.c
conftest.c:60:23: fatal error: sys/pstat.h: No such file or directory
 #include <sys/pstat.h>
                       ^
compilation terminated.
configure:5723: $? = 1
configure: failed program was:
| /* confdefs.h */
| #define PACKAGE_NAME ""
| #define PACKAGE_TARNAME ""
| #define PACKAGE_VERSION ""
| #define PACKAGE_STRING ""
| #define PACKAGE_BUGREPORT ""
| #define PACKAGE_URL ""
| #define SYS_LINUX 1
| #define SYSCONF_LOC "/usr/local/etc"
| #define LOCALSTATE_DIR "/usr/local/var"
| #define BIN_LOC "/usr/local/bin"
| #define LIB_LOC "/usr/local/lib"
| #define DATA_LOC "/usr/local/share"
| #define STDC_HEADERS 1
| #define HAVE_SYS_TYPES_H 1
| #define HAVE_SYS_STAT_H 1
| #define HAVE_STDLIB_H 1
| #define HAVE_STRING_H 1
| #define HAVE_MEMORY_H 1
| #define HAVE_STRINGS_H 1
| #define HAVE_INTTYPES_H 1
| #define HAVE_STDINT_H 1
| #define HAVE_UNISTD_H 1
| #define HAVE_ERRNO_H 1
| #define HAVE_SYSHEADERS 1
| #define HAVE_STDLIB_H 1
| #define HAVE_SYSHEADERS 1
| #define HAVE_STRING_H 1
| #define HAVE_SYSHEADERS 1
| #define HAVE_SYS_SOCKET_H 1
| #define HAVE_SYSHEADERS 1
| #define HAVE_SYS_TIME_H 1
| #define HAVE_SYSHEADERS 1
| #define HAVE_SYS_WAIT_H 1
| #define HAVE_SYSHEADERS 1
| #define HAVE_UNISTD_H 1
| #define HAVE_SYSHEADERS 1
| #define HAVE_SYS_TYPES_H 1
| #define HAVE_SYSHEADERS 1
| #define HAVE_NETDB_H 1
| #define HAVE_SYSHEADERS 1
| #define HAVE_GETOPT_H 1
| #define TIME_WITH_SYS_TIME 1
| #define STDC_HEADERS 1
| #define RETSIGTYPE void
| #define LSTAT_FOLLOWS_SLASHED_SYMLINK 1
| #define HAVE_GETTIMEOFDAY 1
| #define HAVE_MEMSET 1
| #define HAVE_SELECT 1
| #define HAVE_SOCKET 1
| #define HAVE_STRCASECMP 1
| #define HAVE_STRFTIME 1
| #define HAVE_STRSTR 1
| #define HAVE_GETOPT_LONG 1
| #define HAVE_STDINT_H 1
| #define HAVE_SOCKLEN_T 1
| #define HAVE_LIBNCURSES 1
| #define HAVE_LIBPANEL 1
| /* end confdefs.h.  */
| #include <sys/pstat.h>
configure:5723: result: no
configure:5723: checking for sys/pstat.h
configure:5723: result: no
conftest.c:60:22: fatal error: sys/exec.h: No such file or directory
 #include <sys/exec.h>
                      ^
compilation terminated.
configure:5783: checking whether __progname and __progname_full are available
configure:5799: gcc -o conftest -g -O2  -I/usr/include/ncurses  -rdynamic conftest.c  -ldl -lm >&5
configure:5799: $? = 0
configure:5807: result: yes
configure:5816: checking which argv replacement method to use
configure:5838: result: writeable
configure:5885: checking for linux/wireless.h
configure:5885: gcc -c -g -O2  -I/usr/include/ncurses conftest.c >&5
configure:5885: $? = 0
configure:5885: result: yes
configure:5903: checking that linux/wireless.h is what we expect
configure:5929: gcc -o conftest -g -O2  -I/usr/include/ncurses  -rdynamic conftest.c  -ldl -lm >&5
configure:5929: $? = 0
configure:5941: result: yes
configure:5950: checking can we use iw_freq.flags
configure:5973: gcc -o conftest -g -O2  -I/usr/include/ncurses  -rdynamic conftest.c  -ldl -lm >&5
configure:5973: $? = 0
configure:5985: result: yes
configure:6009: checking for cap_init in -lcap
configure:6034: gcc -o conftest -g -O2  -I/usr/include/ncurses  -rdynamic conftest.c -lcap   -ldl -lm >&5
/usr/bin/ld: cannot find -lcap
collect2: error: ld returned 1 exit status
configure:6034: $? = 1
configure: failed program was:
| /* confdefs.h */
| #define PACKAGE_NAME ""
| #define PACKAGE_TARNAME ""
| #define PACKAGE_VERSION ""
| #define PACKAGE_STRING ""
| #define PACKAGE_BUGREPORT ""
| #define PACKAGE_URL ""
| #define SYS_LINUX 1
| #define SYSCONF_LOC "/usr/local/etc"
| #define LOCALSTATE_DIR "/usr/local/var"
| #define BIN_LOC "/usr/local/bin"
| #define LIB_LOC "/usr/local/lib"
| #define DATA_LOC "/usr/local/share"
| #define STDC_HEADERS 1
| #define HAVE_SYS_TYPES_H 1
| #define HAVE_SYS_STAT_H 1
| #define HAVE_STDLIB_H 1
| #define HAVE_STRING_H 1
| #define HAVE_MEMORY_H 1
| #define HAVE_STRINGS_H 1
| #define HAVE_INTTYPES_H 1
| #define HAVE_STDINT_H 1
| #define HAVE_UNISTD_H 1
| #define HAVE_ERRNO_H 1
| #define HAVE_SYSHEADERS 1
| #define HAVE_STDLIB_H 1
| #define HAVE_SYSHEADERS 1
| #define HAVE_STRING_H 1
| #define HAVE_SYSHEADERS 1
| #define HAVE_SYS_SOCKET_H 1
| #define HAVE_SYSHEADERS 1
| #define HAVE_SYS_TIME_H 1
| #define HAVE_SYSHEADERS 1
| #define HAVE_SYS_WAIT_H 1
| #define HAVE_SYSHEADERS 1
| #define HAVE_UNISTD_H 1
| #define HAVE_SYSHEADERS 1
| #define HAVE_SYS_TYPES_H 1
| #define HAVE_SYSHEADERS 1
| #define HAVE_NETDB_H 1
| #define HAVE_SYSHEADERS 1
| #define HAVE_GETOPT_H 1
| #define TIME_WITH_SYS_TIME 1
| #define STDC_HEADERS 1
| #define RETSIGTYPE void
| #define LSTAT_FOLLOWS_SLASHED_SYMLINK 1
| #define HAVE_GETTIMEOFDAY 1
| #define HAVE_MEMSET 1
| #define HAVE_SELECT 1
| #define HAVE_SOCKET 1
| #define HAVE_STRCASECMP 1
| #define HAVE_STRFTIME 1
| #define HAVE_STRSTR 1
| #define HAVE_GETOPT_LONG 1
| #define HAVE_STDINT_H 1
| #define HAVE_SOCKLEN_T 1
| #define HAVE_LIBNCURSES 1
| #define HAVE_LIBPANEL 1
| #define HAVE___PROGNAME 1
| #define PF_ARGV_TYPE PF_ARGV_WRITEABLE
| #define HAVE_LINUX_WIRELESS 1
| #define HAVE_LINUX_IWFREQFLAG 1
| /* end confdefs.h.  */
| 
| /* Override any GCC internal prototype to avoid an error.
|    Use char because int might match the return type of a GCC
|    builtin and then its argument prototype would still apply.  */
| #ifdef __cplusplus
| extern "C"
| #endif
| char cap_init ();
| int
| main ()
| {
| return cap_init ();
|   ;
|   return 0;
| }
configure:6043: result: no
configure:6056: checking sys/prctl.h usability
configure:6056: gcc -c -g -O2  -I/usr/include/ncurses conftest.c >&5
configure:6056: $? = 0
configure:6056: result: yes
configure:6056: checking sys/prctl.h presence
configure:6056: gcc -E  -I/usr/include/ncurses conftest.c
configure:6056: $? = 0
configure:6056: result: yes
configure:6056: checking for sys/prctl.h
configure:6056: result: yes
configure:6064: checking sys/capability.h usability
configure:6064: gcc -c -g -O2  -I/usr/include/ncurses conftest.c >&5
conftest.c:97:28: fatal error: sys/capability.h: No such file or directory
 #include <sys/capability.h>
                            ^
compilation terminated.
configure:6064: $? = 1
configure: failed program was:
| /* confdefs.h */
| #define PACKAGE_NAME ""
| #define PACKAGE_TARNAME ""
| #define PACKAGE_VERSION ""
| #define PACKAGE_STRING ""
| #define PACKAGE_BUGREPORT ""
| #define PACKAGE_URL ""
| #define SYS_LINUX 1
| #define SYSCONF_LOC "/usr/local/etc"
| #define LOCALSTATE_DIR "/usr/local/var"
| #define BIN_LOC "/usr/local/bin"
| #define LIB_LOC "/usr/local/lib"
| #define DATA_LOC "/usr/local/share"
| #define STDC_HEADERS 1
| #define HAVE_SYS_TYPES_H 1
| #define HAVE_SYS_STAT_H 1
| #define HAVE_STDLIB_H 1
| #define HAVE_STRING_H 1
| #define HAVE_MEMORY_H 1
| #define HAVE_STRINGS_H 1
| #define HAVE_INTTYPES_H 1
| #define HAVE_STDINT_H 1
| #define HAVE_UNISTD_H 1
| #define HAVE_ERRNO_H 1
| #define HAVE_SYSHEADERS 1
| #define HAVE_STDLIB_H 1
| #define HAVE_SYSHEADERS 1
| #define HAVE_STRING_H 1
| #define HAVE_SYSHEADERS 1
| #define HAVE_SYS_SOCKET_H 1
| #define HAVE_SYSHEADERS 1
| #define HAVE_SYS_TIME_H 1
| #define HAVE_SYSHEADERS 1
| #define HAVE_SYS_WAIT_H 1
| #define HAVE_SYSHEADERS 1
| #define HAVE_UNISTD_H 1
| #define HAVE_SYSHEADERS 1
| #define HAVE_SYS_TYPES_H 1
| #define HAVE_SYSHEADERS 1
| #define HAVE_NETDB_H 1
| #define HAVE_SYSHEADERS 1
| #define HAVE_GETOPT_H 1
| #define TIME_WITH_SYS_TIME 1
| #define STDC_HEADERS 1
| #define RETSIGTYPE void
| #define LSTAT_FOLLOWS_SLASHED_SYMLINK 1
| #define HAVE_GETTIMEOFDAY 1
| #define HAVE_MEMSET 1
| #define HAVE_SELECT 1
| #define HAVE_SOCKET 1
| #define HAVE_STRCASECMP 1
| #define HAVE_STRFTIME 1
| #define HAVE_STRSTR 1
| #define HAVE_GETOPT_LONG 1
| #define HAVE_STDINT_H 1
| #define HAVE_SOCKLEN_T 1
| #define HAVE_LIBNCURSES 1
| #define HAVE_LIBPANEL 1
| #define HAVE___PROGNAME 1
| #define PF_ARGV_TYPE PF_ARGV_WRITEABLE
| #define HAVE_LINUX_WIRELESS 1
| #define HAVE_LINUX_IWFREQFLAG 1
| /* end confdefs.h.  */
| #include <stdio.h>
| #ifdef HAVE_SYS_TYPES_H
| # include <sys/types.h>
| #endif
| #ifdef HAVE_SYS_STAT_H
| # include <sys/stat.h>
| #endif
| #ifdef STDC_HEADERS
| # include <stdlib.h>
| # include <stddef.h>
| #else
| # ifdef HAVE_STDLIB_H
| #  include <stdlib.h>
| # endif
| #endif
| #ifdef HAVE_STRING_H
| # if !defined STDC_HEADERS && defined HAVE_MEMORY_H
| #  include <memory.h>
| # endif
| # include <string.h>
| #endif
| #ifdef HAVE_STRINGS_H
| # include <strings.h>
| #endif
| #ifdef HAVE_INTTYPES_H
| # include <inttypes.h>
| #endif
| #ifdef HAVE_STDINT_H
| # include <stdint.h>
| #endif
| #ifdef HAVE_UNISTD_H
| # include <unistd.h>
| #endif
| #include <sys/capability.h>
configure:6064: result: no
configure:6064: checking sys/capability.h presence
configure:6064: gcc -E  -I/usr/include/ncurses conftest.c
conftest.c:64:28: fatal error: sys/capability.h: No such file or directory
 #include <sys/capability.h>
                            ^
compilation terminated.
configure:6064: $? = 1
configure: failed program was:
| /* confdefs.h */
| #define PACKAGE_NAME ""
| #define PACKAGE_TARNAME ""
| #define PACKAGE_VERSION ""
| #define PACKAGE_STRING ""
| #define PACKAGE_BUGREPORT ""
| #define PACKAGE_URL ""
| #define SYS_LINUX 1
| #define SYSCONF_LOC "/usr/local/etc"
| #define LOCALSTATE_DIR "/usr/local/var"
| #define BIN_LOC "/usr/local/bin"
| #define LIB_LOC "/usr/local/lib"
| #define DATA_LOC "/usr/local/share"
| #define STDC_HEADERS 1
| #define HAVE_SYS_TYPES_H 1
| #define HAVE_SYS_STAT_H 1
| #define HAVE_STDLIB_H 1
| #define HAVE_STRING_H 1
| #define HAVE_MEMORY_H 1
| #define HAVE_STRINGS_H 1
| #define HAVE_INTTYPES_H 1
| #define HAVE_STDINT_H 1
| #define HAVE_UNISTD_H 1
| #define HAVE_ERRNO_H 1
| #define HAVE_SYSHEADERS 1
| #define HAVE_STDLIB_H 1
| #define HAVE_SYSHEADERS 1
| #define HAVE_STRING_H 1
| #define HAVE_SYSHEADERS 1
| #define HAVE_SYS_SOCKET_H 1
| #define HAVE_SYSHEADERS 1
| #define HAVE_SYS_TIME_H 1
| #define HAVE_SYSHEADERS 1
| #define HAVE_SYS_WAIT_H 1
| #define HAVE_SYSHEADERS 1
| #define HAVE_UNISTD_H 1
| #define HAVE_SYSHEADERS 1
| #define HAVE_SYS_TYPES_H 1
| #define HAVE_SYSHEADERS 1
| #define HAVE_NETDB_H 1
| #define HAVE_SYSHEADERS 1
| #define HAVE_GETOPT_H 1
| #define TIME_WITH_SYS_TIME 1
| #define STDC_HEADERS 1
| #define RETSIGTYPE void
| #define LSTAT_FOLLOWS_SLASHED_SYMLINK 1
| #define HAVE_GETTIMEOFDAY 1
| #define HAVE_MEMSET 1
| #define HAVE_SELECT 1
| #define HAVE_SOCKET 1
| #define HAVE_STRCASECMP 1
| #define HAVE_STRFTIME 1
| #define HAVE_STRSTR 1
| #define HAVE_GETOPT_LONG 1
| #define HAVE_STDINT_H 1
| #define HAVE_SOCKLEN_T 1
| #define HAVE_LIBNCURSES 1
| #define HAVE_LIBPANEL 1
| #define HAVE___PROGNAME 1
| #define PF_ARGV_TYPE PF_ARGV_WRITEABLE
| #define HAVE_LINUX_WIRELESS 1
| #define HAVE_LINUX_IWFREQFLAG 1
| /* end confdefs.h.  */
| #include <sys/capability.h>
configure:6064: result: no
configure:6064: checking for sys/capability.h
configure:6064: result: no
configure:6107: checking for pcre_compile in -lpcre
configure:6132: gcc -o conftest -g -O2  -I/usr/include/ncurses  -rdynamic conftest.c -lpcre   -ldl -lm >&5
/usr/bin/ld: cannot find -lpcre
collect2: error: ld returned 1 exit status
configure:6132: $? = 1
configure: failed program was:
| /* confdefs.h */
| #define PACKAGE_NAME ""
| #define PACKAGE_TARNAME ""
| #define PACKAGE_VERSION ""
| #define PACKAGE_STRING ""
| #define PACKAGE_BUGREPORT ""
| #define PACKAGE_URL ""
| #define SYS_LINUX 1
| #define SYSCONF_LOC "/usr/local/etc"
| #define LOCALSTATE_DIR "/usr/local/var"
| #define BIN_LOC "/usr/local/bin"
| #define LIB_LOC "/usr/local/lib"
| #define DATA_LOC "/usr/local/share"
| #define STDC_HEADERS 1
| #define HAVE_SYS_TYPES_H 1
| #define HAVE_SYS_STAT_H 1
| #define HAVE_STDLIB_H 1
| #define HAVE_STRING_H 1
| #define HAVE_MEMORY_H 1
| #define HAVE_STRINGS_H 1
| #define HAVE_INTTYPES_H 1
| #define HAVE_STDINT_H 1
| #define HAVE_UNISTD_H 1
| #define HAVE_ERRNO_H 1
| #define HAVE_SYSHEADERS 1
| #define HAVE_STDLIB_H 1
| #define HAVE_SYSHEADERS 1
| #define HAVE_STRING_H 1
| #define HAVE_SYSHEADERS 1
| #define HAVE_SYS_SOCKET_H 1
| #define HAVE_SYSHEADERS 1
| #define HAVE_SYS_TIME_H 1
| #define HAVE_SYSHEADERS 1
| #define HAVE_SYS_WAIT_H 1
| #define HAVE_SYSHEADERS 1
| #define HAVE_UNISTD_H 1
| #define HAVE_SYSHEADERS 1
| #define HAVE_SYS_TYPES_H 1
| #define HAVE_SYSHEADERS 1
| #define HAVE_NETDB_H 1
| #define HAVE_SYSHEADERS 1
| #define HAVE_GETOPT_H 1
| #define TIME_WITH_SYS_TIME 1
| #define STDC_HEADERS 1
| #define RETSIGTYPE void
| #define LSTAT_FOLLOWS_SLASHED_SYMLINK 1
| #define HAVE_GETTIMEOFDAY 1
| #define HAVE_MEMSET 1
| #define HAVE_SELECT 1
| #define HAVE_SOCKET 1
| #define HAVE_STRCASECMP 1
| #define HAVE_STRFTIME 1
| #define HAVE_STRSTR 1
| #define HAVE_GETOPT_LONG 1
| #define HAVE_STDINT_H 1
| #define HAVE_SOCKLEN_T 1
| #define HAVE_LIBNCURSES 1
| #define HAVE_LIBPANEL 1
| #define HAVE___PROGNAME 1
| #define PF_ARGV_TYPE PF_ARGV_WRITEABLE
| #define HAVE_LINUX_WIRELESS 1
| #define HAVE_LINUX_IWFREQFLAG 1
| /* end confdefs.h.  */
| 
| /* Override any GCC internal prototype to avoid an error.
|    Use char because int might match the return type of a GCC
|    builtin and then its argument prototype would still apply.  */
| #ifdef __cplusplus
| extern "C"
| #endif
| char pcre_compile ();
| int
| main ()
| {
| return pcre_compile ();
|   ;
|   return 0;
| }
configure:6141: result: no
configure:6151: WARNING: Failed to find libpcre
configure:6261: checking for pcap_open_live in -lpcap
configure:6286: gcc -o conftest -g -O2  -I/usr/include/ncurses  -rdynamic conftest.c -lpcap   -ldl -lm >&5
configure:6286: $? = 0
configure:6296: result: yes
configure:6310: checking pcap.h usability
configure:6310: gcc -c -g -O2  -I/usr/include/ncurses conftest.c >&5
configure:6310: $? = 0
configure:6310: result: yes
configure:6310: checking pcap.h presence
configure:6310: gcc -E  -I/usr/include/ncurses conftest.c
configure:6310: $? = 0
configure:6310: result: yes
configure:6310: checking for pcap.h
configure:6310: result: yes
configure:6333: checking for pcap_setnonblock in -lpcap
configure:6358: gcc -o conftest -g -O2  -I/usr/include/ncurses  -rdynamic conftest.c -lpcap   -ldl -lm >&5
configure:6358: $? = 0
configure:6367: result: yes
configure:6381: checking for pcap_get_selectable_fd in -lpcap
configure:6406: gcc -o conftest -g -O2  -I/usr/include/ncurses  -rdynamic conftest.c -lpcap   -ldl -lm >&5
configure:6406: $? = 0
configure:6416: result: yes
configure:6476: checking for PPI support in libpcap
configure:6496: gcc -o conftest -Werror -g -O2  -I/usr/include/ncurses  -rdynamic conftest.c  -ldl -lm >&5
configure:6496: $? = 0
configure:6505: result: yes
configure:6639: WARNING: Using local radiotap headers
configure:6686: checking for pkg-config
configure:6702: found /usr/bin/pkg-config
configure:6714: result: yes
configure:6786: checking for pkg-config
configure:6804: found /usr/bin/pkg-config
configure:6816: result: /usr/bin/pkg-config
configure:6841: checking pkg-config is at least version 0.9.0
configure:6844: result: yes
configure:6854: checking for libnl30
configure:6861: $PKG_CONFIG --exists --print-errors "libnl-3.0"
Package libnl-3.0 was not found in the pkg-config search path.
Perhaps you should add the directory containing `libnl-3.0.pc'
to the PKG_CONFIG_PATH environment variable
No package 'libnl-3.0' found
configure:6864: $? = 1
configure:6878: $PKG_CONFIG --exists --print-errors "libnl-3.0"
Package libnl-3.0 was not found in the pkg-config search path.
Perhaps you should add the directory containing `libnl-3.0.pc'
to the PKG_CONFIG_PATH environment variable
No package 'libnl-3.0' found
configure:6881: $? = 1
configure:6895: result: no
No package 'libnl-3.0' found
configure:6925: checking for libnlgenl30
configure:6932: $PKG_CONFIG --exists --print-errors "libnl-genl-3.0"
Package libnl-genl-3.0 was not found in the pkg-config search path.
Perhaps you should add the directory containing `libnl-genl-3.0.pc'
to the PKG_CONFIG_PATH environment variable
No package 'libnl-genl-3.0' found
configure:6935: $? = 1
configure:6949: $PKG_CONFIG --exists --print-errors "libnl-genl-3.0"
Package libnl-genl-3.0 was not found in the pkg-config search path.
Perhaps you should add the directory containing `libnl-genl-3.0.pc'
to the PKG_CONFIG_PATH environment variable
No package 'libnl-genl-3.0' found
configure:6952: $? = 1
configure:6966: result: no
No package 'libnl-genl-3.0' found
configure:6996: checking for libnl20
configure:7003: $PKG_CONFIG --exists --print-errors "libnl-2.0"
Package libnl-2.0 was not found in the pkg-config search path.
Perhaps you should add the directory containing `libnl-2.0.pc'
to the PKG_CONFIG_PATH environment variable
No package 'libnl-2.0' found
configure:7006: $? = 1
configure:7020: $PKG_CONFIG --exists --print-errors "libnl-2.0"
Package libnl-2.0 was not found in the pkg-config search path.
Perhaps you should add the directory containing `libnl-2.0.pc'
to the PKG_CONFIG_PATH environment variable
No package 'libnl-2.0' found
configure:7023: $? = 1
configure:7037: result: no
No package 'libnl-2.0' found
configure:7067: checking for libnl1
configure:7074: $PKG_CONFIG --exists --print-errors "libnl-1"
configure:7077: $? = 0
configure:7091: $PKG_CONFIG --exists --print-errors "libnl-1"
configure:7094: $? = 0
configure:7132: result: yes
configure:7190: checking For mac80211 support in netlink library
configure:7218: gcc -o conftest -g -O2  -I/usr/include/ncurses    -rdynamic conftest.c  -ldl -lm -lnl   >&5
configure:7218: $? = 0
configure:7234: result: yes
configure:7419: creating ./config.status

## ---------------------- ##
## Running config.status. ##
## ---------------------- ##

This file was extended by config.status, which was
generated by GNU Autoconf 2.69.  Invocation command line was

  CONFIG_FILES    = 
  CONFIG_HEADERS  = 
  CONFIG_LINKS    = 
  CONFIG_COMMANDS = 
  $ ./config.status 

on jorge

config.status:899: creating Makefile
config.status:899: creating Makefile.inc
config.status:1002: WARNING:  'Makefile.inc.in' seems to ignore the --datarootdir setting
config.status:899: creating scripts/kismet
config.status:899: creating conf/kismet.conf
config.status:899: creating config.h

## ---------------- ##
## Cache variables. ##
## ---------------- ##

ac_cv_build=x86_64-unknown-linux-gnu
ac_cv_c_bigendian=no
ac_cv_c_compiler_gnu=yes
ac_cv_c_const=yes
ac_cv_cxx_compiler_gnu=yes
ac_cv_env_CCC_set=
ac_cv_env_CCC_value=
ac_cv_env_CC_set=
ac_cv_env_CC_value=
ac_cv_env_CFLAGS_set=
ac_cv_env_CFLAGS_value=
ac_cv_env_CPPFLAGS_set=
ac_cv_env_CPPFLAGS_value=
ac_cv_env_CPP_set=
ac_cv_env_CPP_value=
ac_cv_env_CXXFLAGS_set=
ac_cv_env_CXXFLAGS_value=
ac_cv_env_CXX_set=
ac_cv_env_CXX_value=
ac_cv_env_LDFLAGS_set=
ac_cv_env_LDFLAGS_value=
ac_cv_env_LIBS_set=
ac_cv_env_LIBS_value=
ac_cv_env_PKG_CONFIG_LIBDIR_set=
ac_cv_env_PKG_CONFIG_LIBDIR_value=
ac_cv_env_PKG_CONFIG_PATH_set=
ac_cv_env_PKG_CONFIG_PATH_value=
ac_cv_env_PKG_CONFIG_set=
ac_cv_env_PKG_CONFIG_value=
ac_cv_env_build_alias_set=
ac_cv_env_build_alias_value=
ac_cv_env_host_alias_set=
ac_cv_env_host_alias_value=
ac_cv_env_libnl1_CFLAGS_set=
ac_cv_env_libnl1_CFLAGS_value=
ac_cv_env_libnl1_LIBS_set=
ac_cv_env_libnl1_LIBS_value=
ac_cv_env_libnl20_CFLAGS_set=
ac_cv_env_libnl20_CFLAGS_value=
ac_cv_env_libnl20_LIBS_set=
ac_cv_env_libnl20_LIBS_value=
ac_cv_env_libnl30_CFLAGS_set=
ac_cv_env_libnl30_CFLAGS_value=
ac_cv_env_libnl30_LIBS_set=
ac_cv_env_libnl30_LIBS_value=
ac_cv_env_libnlgenl30_CFLAGS_set=
ac_cv_env_libnlgenl30_CFLAGS_value=
ac_cv_env_libnlgenl30_LIBS_set=
ac_cv_env_libnlgenl30_LIBS_value=
ac_cv_env_target_alias_set=
ac_cv_env_target_alias_value=
ac_cv_func_gettimeofday=yes
ac_cv_func_lstat_dereferences_slashed_symlink=yes
ac_cv_func_memset=yes
ac_cv_func_select=yes
ac_cv_func_setproctitle=no
ac_cv_func_socket=yes
ac_cv_func_stat_empty_string_bug=no
ac_cv_func_strcasecmp=yes
ac_cv_func_strftime=yes
ac_cv_func_strstr=yes
ac_cv_header_errno_h=yes
ac_cv_header_getopt_h=yes
ac_cv_header_inttypes_h=yes
ac_cv_header_libutil_h=no
ac_cv_header_linux_wireless_h=yes
ac_cv_header_memory_h=yes
ac_cv_header_ncurses_h=yes
ac_cv_header_netdb_h=yes
ac_cv_header_panel_h=yes
ac_cv_header_pcap_h=yes
ac_cv_header_stdc=yes
ac_cv_header_stdint_h=yes
ac_cv_header_stdlib_h=yes
ac_cv_header_string_h=yes
ac_cv_header_strings_h=yes
ac_cv_header_sys_capability_h=no
ac_cv_header_sys_prctl_h=yes
ac_cv_header_sys_pstat_h=no
ac_cv_header_sys_socket_h=yes
ac_cv_header_sys_stat_h=yes
ac_cv_header_sys_time_h=yes
ac_cv_header_sys_types_h=yes
ac_cv_header_sys_wait_h=yes
ac_cv_header_time=yes
ac_cv_header_unistd_h=yes
ac_cv_host=x86_64-unknown-linux-gnu
ac_cv_lib_cap_cap_init=no
ac_cv_lib_dl_dlopen=yes
ac_cv_lib_m_pow=yes
ac_cv_lib_ncurses_initscr=yes
ac_cv_lib_panel_new_panel=yes
ac_cv_lib_pcap___pcap_get_selectable_fd=yes
ac_cv_lib_pcap___pcap_open_live=yes
ac_cv_lib_pcap_pcap_setnonblock=yes
ac_cv_lib_pcre_pcre_compile=no
ac_cv_lib_stdcpp_main=yes
ac_cv_lib_uClibcpp_main=no
ac_cv_lib_util_setproctitle=no
ac_cv_objext=o
ac_cv_path_EGREP='/bin/grep -E'
ac_cv_path_GREP=/bin/grep
ac_cv_path_ac_pt_PKG_CONFIG=/usr/bin/pkg-config
ac_cv_path_install='/usr/bin/install -c'
ac_cv_prog_CPP='gcc -E'
ac_cv_prog_ac_ct_CC=gcc
ac_cv_prog_ac_ct_CXX=g++
ac_cv_prog_cc_c89=
ac_cv_prog_cc_g=yes
ac_cv_prog_cxx_g=yes
ac_cv_prog_havepkgconfig=yes
ac_cv_prog_make_make_set=yes
ac_cv_struct_tm=time.h
ac_cv_sys_file_offset_bits=no
ac_cv_sys_largefile_CC=no
ac_cv_type_signal=void
pf_cv_argv_type=writeable
pf_cv_var_progname=yes
pkg_cv_libnl1_CFLAGS=' '
pkg_cv_libnl1_LIBS='-lnl  '

## ----------------- ##
## Output variables. ##
## ----------------- ##

CC='gcc'
CFLAGS='-g -O2'
CLIBS=''
CLIENTCFLAGS=''
CLIENTCLIBS=' -ldl -lncurses -lpanel'
CPP='gcc -E'
CPPFLAGS=' -I/usr/include/ncurses  '
CXX='g++'
CXXFLAGS='-g -O2'
CXXLIBS=' -lstdc++'
DEFS='-DHAVE_CONFIG_H'
ECHO_C=''
ECHO_N='-n'
ECHO_T=''
EGREP='/bin/grep -E'
EXEEXT=''
GREP='/bin/grep'
INSTALL_DATA='${INSTALL} -m 644'
INSTALL_PROGRAM='${INSTALL}'
INSTALL_SCRIPT='${INSTALL}'
KSLIBS=' -lnl  '
LDFLAGS=' -rdynamic'
LIBOBJS=''
LIBS=' -ldl -lm'
LTLIBOBJS=''
OBJEXT='o'
PACKAGE_BUGREPORT=''
PACKAGE_NAME=''
PACKAGE_STRING=''
PACKAGE_TARNAME=''
PACKAGE_URL=''
PACKAGE_VERSION=''
PATH_SEPARATOR=':'
PKG_CONFIG='/usr/bin/pkg-config'
PKG_CONFIG_LIBDIR=''
PKG_CONFIG_PATH=''
PLUGINLDFLAGS=''
SET_MAKE=''
SHELL='/bin/bash'
ac_ct_CC='gcc'
ac_ct_CXX='g++'
bindir='${exec_prefix}/bin'
build='x86_64-unknown-linux-gnu'
build_alias=''
build_cpu='x86_64'
build_os='linux-gnu'
build_vendor='unknown'
caplibs=''
datadir='${datarootdir}'
datarootdir='${prefix}/share'
docdir='${datarootdir}/doc/${PACKAGE}'
dvidir='${docdir}'
exec_prefix='${prefix}'
havepkgconfig='yes'
host='x86_64-unknown-linux-gnu'
host_alias=''
host_cpu='x86_64'
host_os='linux-gnu'
host_vendor='unknown'
htmldir='${docdir}'
includedir='${prefix}/include'
infodir='${datarootdir}/info'
instgrp='root'
libdir='${exec_prefix}/lib'
libexecdir='${exec_prefix}/libexec'
libnl1_CFLAGS=' '
libnl1_LIBS='-lnl  '
libnl20_CFLAGS=''
libnl20_LIBS=''
libnl30_CFLAGS=''
libnl30_LIBS=''
libnlgenl30_CFLAGS=''
libnlgenl30_LIBS=''
localedir='${datarootdir}/locale'
localstatedir='${prefix}/var'
mandir='${datarootdir}/man'
mangrp='man'
objc_link=''
oldincludedir='/usr/include'
pcap='yes'
pcaplnk='-lpcap'
pdfdir='${docdir}'
prefix='/usr/local'
program_transform_name='s,x,x,'
psdir='${docdir}'
sbindir='${exec_prefix}/sbin'
sharedatadir='${prefix}/share'
sharedstatedir='${prefix}/com'
suidgroup='kismet'
sysconfdir='${prefix}/etc'
target_alias=''
threadlib=''
wantclient='yes'
wantpcap='yes'

## ----------- ##
## confdefs.h. ##
## ----------- ##

/* confdefs.h */
#define PACKAGE_NAME ""
#define PACKAGE_TARNAME ""
#define PACKAGE_VERSION ""
#define PACKAGE_STRING ""
#define PACKAGE_BUGREPORT ""
#define PACKAGE_URL ""
#define SYS_LINUX 1
#define SYSCONF_LOC "/usr/local/etc"
#define LOCALSTATE_DIR "/usr/local/var"
#define BIN_LOC "/usr/local/bin"
#define LIB_LOC "/usr/local/lib"
#define DATA_LOC "/usr/local/share"
#define STDC_HEADERS 1
#define HAVE_SYS_TYPES_H 1
#define HAVE_SYS_STAT_H 1
#define HAVE_STDLIB_H 1
#define HAVE_STRING_H 1
#define HAVE_MEMORY_H 1
#define HAVE_STRINGS_H 1
#define HAVE_INTTYPES_H 1
#define HAVE_STDINT_H 1
#define HAVE_UNISTD_H 1
#define HAVE_ERRNO_H 1
#define HAVE_SYSHEADERS 1
#define HAVE_STDLIB_H 1
#define HAVE_SYSHEADERS 1
#define HAVE_STRING_H 1
#define HAVE_SYSHEADERS 1
#define HAVE_SYS_SOCKET_H 1
#define HAVE_SYSHEADERS 1
#define HAVE_SYS_TIME_H 1
#define HAVE_SYSHEADERS 1
#define HAVE_SYS_WAIT_H 1
#define HAVE_SYSHEADERS 1
#define HAVE_UNISTD_H 1
#define HAVE_SYSHEADERS 1
#define HAVE_SYS_TYPES_H 1
#define HAVE_SYSHEADERS 1
#define HAVE_NETDB_H 1
#define HAVE_SYSHEADERS 1
#define HAVE_GETOPT_H 1
#define TIME_WITH_SYS_TIME 1
#define STDC_HEADERS 1
#define RETSIGTYPE void
#define LSTAT_FOLLOWS_SLASHED_SYMLINK 1
#define HAVE_GETTIMEOFDAY 1
#define HAVE_MEMSET 1
#define HAVE_SELECT 1
#define HAVE_SOCKET 1
#define HAVE_STRCASECMP 1
#define HAVE_STRFTIME 1
#define HAVE_STRSTR 1
#define HAVE_GETOPT_LONG 1
#define HAVE_STDINT_H 1
#define HAVE_SOCKLEN_T 1
#define HAVE_LIBNCURSES 1
#define HAVE_LIBPANEL 1
#define HAVE___PROGNAME 1
#define PF_ARGV_TYPE PF_ARGV_WRITEABLE
#define HAVE_LINUX_WIRELESS 1
#define HAVE_LINUX_IWFREQFLAG 1
#define HAVE_LIBPCAP 1
#define HAVE_PCAP_H 1
#define HAVE_PCAP_NONBLOCK 1
#define HAVE_PCAP_GETSELFD 1
#define HAVE_PPI 1
#define HAVE_LOCAL_RADIOTAP 1
#define HAVE_LIBNL 1
#define HAVE_LINUX_NETLINK 1
#define HAVE_GPS 1

configure: exit 0
